/Users/pray/project/paper_to_skills/paper2skills-vault/07-NLP-VOC/research/精选打标voc/batch_labeling.py:19: DeprecationWarning: 
Pyarrow will become a required dependency of pandas in the next major release of pandas (pandas 3.0),
(to allow more performant data types, such as the Arrow string type, and better interoperability with other libraries)
but was not found to be installed on your system.
If this would cause problems for you,
please provide us feedback at https://github.com/pandas-dev/pandas/issues/54466
        
  import pandas as pd
======================================================================
数据源: AMAZON
  输入: /Users/pray/project/paper_to_skills/paper2skills-vault/07-NLP-VOC/research/精选打标voc/高质量数据源/amazon_voc_200k_balanced.csv
  批次大小: 10000
======================================================================

[1/3] 加载标签字典...
从 4 个 sheet 加载 230 条标签，跳过重复 140 条
  标签字典: 230 → 筛选后 202 条

[2/3] 总记录: 206,143 条

[3/3] 开始打标 (从 batch_0000 开始)...
  batch_0000: 10,000 条 | 标签命中 8,899 | 冲突 820 | 耗时 314.1s | 累计 10,000/206,143
  batch_0001: 10,000 条 | 标签命中 8,296 | 冲突 735 | 耗时 215.8s | 累计 20,000/206,143
  batch_0002: 10,000 条 | 标签命中 8,023 | 冲突 670 | 耗时 176.8s | 累计 30,000/206,143
  batch_0003: 10,000 条 | 标签命中 7,615 | 冲突 656 | 耗时 145.1s | 累计 40,000/206,143
  batch_0004: 10,000 条 | 标签命中 7,310 | 冲突 611 | 耗时 123.9s | 累计 50,000/206,143
  batch_0005: 10,000 条 | 标签命中 6,984 | 冲突 561 | 耗时 106.3s | 累计 60,000/206,143
  batch_0006: 10,000 条 | 标签命中 6,724 | 冲突 605 | 耗时 101.1s | 累计 70,000/206,143
  batch_0007: 10,000 条 | 标签命中 6,488 | 冲突 578 | 耗时 84.8s | 累计 80,000/206,143
  batch_0008: 10,000 条 | 标签命中 6,049 | 冲突 523 | 耗时 78.3s | 累计 90,000/206,143
  batch_0009: 10,000 条 | 标签命中 5,920 | 冲突 448 | 耗时 68.4s | 累计 100,000/206,143
  batch_0010: 10,000 条 | 标签命中 5,286 | 冲突 412 | 耗时 65.6s | 累计 110,000/206,143
  batch_0011: 10,000 条 | 标签命中 5,286 | 冲突 421 | 耗时 57.6s | 累计 120,000/206,143
  batch_0012: 10,000 条 | 标签命中 4,602 | 冲突 390 | 耗时 56.2s | 累计 130,000/206,143
  batch_0013: 10,000 条 | 标签命中 4,558 | 冲突 341 | 耗时 45.6s | 累计 140,000/206,143
  batch_0014: 10,000 条 | 标签命中 3,872 | 冲突 417 | 耗时 51.4s | 累计 150,000/206,143
  batch_0015: 10,000 条 | 标签命中 3,712 | 冲突 343 | 耗时 38.2s | 累计 160,000/206,143
  batch_0016: 10,000 条 | 标签命中 2,881 | 冲突 444 | 耗时 42.0s | 累计 170,000/206,143
  batch_0017: 10,000 条 | 标签命中 2,519 | 冲突 473 | 耗时 36.6s | 累计 180,000/206,143
  batch_0018: 10,000 条 | 标签命中 3,631 | 冲突 1017 | 耗时 43.2s | 累计 190,000/206,143
  batch_0019: 10,000 条 | 标签命中 2,144 | 冲突 395 | 耗时 369.3s | 累计 200,000/206,143

======================================================================
AMAZON 打标完成
  处理: 200,000 条
  标签命中: 110,799 (55.4%)
  冲突: 10860 (5.4%)
  批次: 20
  输出: labeling_output_v3.3/amazon
======================================================================
