/Users/pray/project/paper_to_skills/paper2skills-vault/07-NLP-VOC/research/精选打标voc/batch_labeling.py:19: DeprecationWarning: 
Pyarrow will become a required dependency of pandas in the next major release of pandas (pandas 3.0),
(to allow more performant data types, such as the Arrow string type, and better interoperability with other libraries)
but was not found to be installed on your system.
If this would cause problems for you,
please provide us feedback at https://github.com/pandas-dev/pandas/issues/54466
        
  import pandas as pd
======================================================================
数据源: REDDIT
  输入: /Users/pray/project/paper_to_skills/paper2skills-vault/07-NLP-VOC/research/精选打标voc/高质量数据源/reddit_voc_sampled.csv
  批次大小: 10000
======================================================================

[1/3] 加载标签字典...
从 4 个 sheet 加载 230 条标签，跳过重复 140 条
  标签字典: 230 → 筛选后 202 条

[2/3] 总记录: 37,932 条

[3/3] 开始打标 (从 batch_0000 开始)...
  batch_0000: 6,213 条 | 标签命中 1,973 | 冲突 417 | 耗时 67.8s | 累计 6,213/37,932

======================================================================
REDDIT 打标完成
  处理: 6,213 条
  标签命中: 1,973 (31.8%)
  冲突: 417 (6.7%)
  批次: 1
  输出: labeling_output_v3.3/reddit
======================================================================
