/Users/pray/project/paper_to_skills/paper2skills-vault/07-NLP-VOC/research/精选打标voc/batch_labeling.py:19: DeprecationWarning: 
Pyarrow will become a required dependency of pandas in the next major release of pandas (pandas 3.0),
(to allow more performant data types, such as the Arrow string type, and better interoperability with other libraries)
but was not found to be installed on your system.
If this would cause problems for you,
please provide us feedback at https://github.com/pandas-dev/pandas/issues/54466
        
  import pandas as pd
======================================================================
数据源: TRUSTPILOT
  输入: /Users/pray/project/paper_to_skills/paper2skills-vault/07-NLP-VOC/research/精选打标voc/高质量数据源/trustpilot_voc_100k_balanced.csv
  批次大小: 10000
======================================================================

[1/3] 加载标签字典...
从 4 个 sheet 加载 230 条标签，跳过重复 140 条
  标签字典: 230 → 筛选后 198 条

[2/3] 总记录: 199,997 条

[3/3] 开始打标 (从 batch_0000 开始)...
  batch_0000: 10,000 条 | 标签命中 7,222 | 冲突 805 | 耗时 190.7s | 累计 10,000/199,997
  batch_0001: 10,000 条 | 标签命中 5,929 | 冲突 583 | 耗时 112.7s | 累计 20,000/199,997
  batch_0002: 10,000 条 | 标签命中 4,687 | 冲突 393 | 耗时 97.7s | 累计 30,000/199,997
  batch_0003: 10,000 条 | 标签命中 2,900 | 冲突 133 | 耗时 91.3s | 累计 40,000/199,997
  batch_0004: 10,000 条 | 标签命中 1,870 | 冲突 71 | 耗时 71.1s | 累计 50,000/199,997
  batch_0005: 10,000 条 | 标签命中 796 | 冲突 65 | 耗时 73.1s | 累计 60,000/199,997
  batch_0006: 10,000 条 | 标签命中 788 | 冲突 46 | 耗时 52.2s | 累计 70,000/199,997
  batch_0007: 10,000 条 | 标签命中 526 | 冲突 53 | 耗时 46.4s | 累计 80,000/199,997
  batch_0008: 10,000 条 | 标签命中 420 | 冲突 65 | 耗时 41.0s | 累计 90,000/199,997
  batch_0009: 10,000 条 | 标签命中 661 | 冲突 158 | 耗时 37.6s | 累计 100,000/199,997

======================================================================
TRUSTPILOT 打标完成
  处理: 100,000 条
  标签命中: 25,799 (25.8%)
  冲突: 2372 (2.4%)
  批次: 10
  输出: labeling_output_v3.3/trustpilot
======================================================================
